<?xml version="1.0" encoding="UTF-8"?>
<!--
  #%L
  Integration tests
  %%
  Copyright (C) 2009 - 2012 Patentstyret
  %%
  This program is free software: you can redistribute it and/or modify
  it under the terms of the GNU General Public License as
  published by the Free Software Foundation, either version 3 of the 
  License, or (at your option) any later version.
  
  This program is distributed in the hope that it will be useful,
  but WITHOUT ANY WARRANTY; without even the implied warranty of
  MERCHANTABILITY or FITNESS FOR A PARTICULAR PURPOSE.  See the
  GNU General Public License for more details.
  
  You should have received a copy of the GNU General Public 
  License along with this program.  If not, see
  <http://www.gnu.org/licenses/gpl-3.0.html>.
  #L%
  -->

<beans xmlns="http://www.springframework.org/schema/beans" xmlns:xsi="http://www.w3.org/2001/XMLSchema-instance"
	xsi:schemaLocation="http://www.springframework.org/schema/beans http://www.springframework.org/schema/beans/spring-beans.xsd">

	<bean id="sessionFactory" class="org.springframework.orm.hibernate3.LocalSessionFactoryBean">
		<property name="dataSource" ref="dataSource" />
		<!--configuration of hibernate environment -->
		<property name="mappingLocations">
			<list>
				<value>classpath:no/mxa/hibernate/mapping/Attachment.hbm.xml</value>
				<value>classpath:no/mxa/hibernate/mapping/ContactInfo.hbm.xml</value>
				<value>classpath:no/mxa/hibernate/mapping/KeyValues.hbm.xml</value>
				<value>classpath:no/mxa/hibernate/mapping/Log.hbm.xml</value>
				<value>classpath:no/mxa/hibernate/mapping/Message.hbm.xml</value>
			</list>
		</property>
		<property name="hibernateProperties" ref="hibernateProperties" />
	</bean>

	<bean id="transactionManager" class="org.springframework.orm.hibernate3.HibernateTransactionManager">
		<property name="sessionFactory" ref="sessionFactory" />
	</bean>
</beans>
