<?xml version="1.0" encoding="UTF-8"?>
<beans xmlns="http://www.springframework.org/schema/beans" xmlns:xsi="http://www.w3.org/2001/XMLSchema-instance"
	xmlns:util="http://www.springframework.org/schema/util"
	xsi:schemaLocation="http://www.springframework.org/schema/beans http://www.springframework.org/schema/beans/spring-beans.xsd
		http://www.springframework.org/schema/util http://www.springframework.org/schema/util/spring-util.xsd">

	<bean id="dataSource" class="oracle.jdbc.pool.OracleDataSource">
		<property name="driverType" value="thin" />
		<property name="serverName" value="ux-001.patentstyret.no" />
		<property name="portNumber" value="1521" />
		<property name="databaseName" value="altut" />
		<property name="user" value="altut_utv" />
		<property name="password" value="altut_utv" />
	</bean>

	<util:properties id="hibernateProperties">
		<prop key="hibernate.bytecode.use_reflection_optimizer">false</prop>
		<prop key="hibernate.dialect">org.hibernate.dialect.Oracle10gDialect</prop>
		<prop key="show_sql">true</prop>
		<prop key="hibernate.query.factory_class">org.hibernate.hql.classic.ClassicQueryTranslatorFactory</prop>
		<prop key="hibernate.cache.use_second_level_cache">true</prop>
		<prop key="hibernate.cache.use_query_cache">true</prop>
		<prop key="hibernate.cache.region.factory_class">net.sf.ehcache.hibernate.SingletonEhCacheRegionFactory</prop>
	</util:properties>

	<util:properties id="quartzProperties">
		<prop key="org.quartz.scheduler.instanceName">mxaScheduler</prop>
		<prop key="org.quartz.scheduler.instanceId">AUTO</prop>
		<prop key="org.quartz.jobStore.misfireThreshold">60000</prop>
		<prop key="org.quartz.jobStore.class">org.quartz.impl.jdbcjobstore.JobStoreTX</prop>
		<prop key="org.quartz.jobStore.driverDelegateClass">org.quartz.impl.jdbcjobstore.oracle.OracleDelegate</prop>
		<prop key="org.quartz.jobStore.tablePrefix">QRTZ_</prop>
		<prop key="org.quartz.jobStore.isClustered">true</prop>
		<prop key="org.quartz.threadPool.class">org.quartz.simpl.SimpleThreadPool</prop>
		<prop key="org.quartz.threadPool.threadCount">25</prop>
		<prop key="org.quartz.threadPool.threadPriority">5</prop>
	</util:properties>

	<bean id="altinnEndpointAddress" class="java.lang.String">
		<constructor-arg value="https://tt02.altinn.basefarm.net/ServiceEngineExternal/CorrespondenceAgencyExternalBasic.svc" />
	</bean>
</beans>